  TbMemMan.cpp
G:\Programming\ShadeGienStudios\tbman in c++\TbMemMan\TbTokenManager.h(132,18): warning C4200: nonstandard extension used: zero-sized array in struct/union
G:\Programming\ShadeGienStudios\tbman in c++\TbMemMan\TbTokenManager.h(132,18): message : This member will be ignored by a defaulted constructor or copy/move assignment operator
G:\Programming\ShadeGienStudios\tbman in c++\TbMemMan\TbMemMan.cpp(423,82): warning C4267: 'argument': conversion from 'size_t' to 'uint32_t', possible loss of data
G:\Programming\ShadeGienStudios\tbman in c++\TbMemMan\TbMemMan.cpp(428,87): warning C4267: 'argument': conversion from 'size_t' to 'uint32_t', possible loss of data
G:\Programming\ShadeGienStudios\tbman in c++\TbMemMan\TbMemMan.cpp(433,86): warning C4267: 'argument': conversion from 'size_t' to 'uint32_t', possible loss of data
G:\Programming\ShadeGienStudios\tbman in c++\TbMemMan\TbMemMan.cpp(487,56): warning C4267: 'argument': conversion from 'size_t' to 'uint32_t', possible loss of data
G:\Programming\ShadeGienStudios\tbman in c++\TbMemMan\TbMemMan.cpp(507,29): warning C4244: 'initializing': conversion from 'double' to 'size_t', possible loss of data
G:\Programming\ShadeGienStudios\tbman in c++\TbMemMan\TbMemMan.cpp(518,60): warning C4267: 'argument': conversion from 'size_t' to 'uint32_t', possible loss of data
G:\Programming\ShadeGienStudios\tbman in c++\TbMemMan\TbMemMan.cpp(556,33): warning C4244: 'initializing': conversion from 'double' to 'size_t', possible loss of data
G:\Programming\ShadeGienStudios\tbman in c++\TbMemMan\TbMemMan.cpp(567,68): warning C4267: 'argument': conversion from 'size_t' to 'uint32_t', possible loss of data
G:\Programming\ShadeGienStudios\tbman in c++\TbMemMan\TbMemMan.cpp(592,64): warning C4267: 'argument': conversion from 'size_t' to 'uint32_t', possible loss of data
G:\Programming\ShadeGienStudios\tbman in c++\TbMemMan\TbMemMan.cpp(648,29): warning C4244: 'initializing': conversion from 'double' to 'size_t', possible loss of data
G:\Programming\ShadeGienStudios\tbman in c++\TbMemMan\TbMemMan.cpp(677,24): warning C4267: '=': conversion from 'size_t' to 'uint32_t', possible loss of data
G:\Programming\ShadeGienStudios\tbman in c++\TbMemMan\TbMemMan.cpp(684,33): warning C4244: 'initializing': conversion from 'double' to 'size_t', possible loss of data
G:\Programming\ShadeGienStudios\tbman in c++\TbMemMan\TbMemMan.cpp(713,29): warning C4244: 'initializing': conversion from 'double' to 'size_t', possible loss of data
G:\Programming\ShadeGienStudios\tbman in c++\TbMemMan\TbMemMan.cpp(727,19): warning C4244: 'initializing': conversion from 'double' to 'size_t', possible loss of data
G:\Programming\ShadeGienStudios\tbman in c++\TbMemMan\TbMemMan.cpp(741,29): warning C4244: 'initializing': conversion from 'double' to 'size_t', possible loss of data
G:\Programming\ShadeGienStudios\tbman in c++\TbMemMan\TbMemMan.cpp(748,19): warning C4244: 'initializing': conversion from 'double' to 'size_t', possible loss of data
G:\Programming\ShadeGienStudios\tbman in c++\TbMemMan\TbMemMan.cpp(762,24): warning C4267: '=': conversion from 'size_t' to 'uint32_t', possible loss of data
G:\Programming\ShadeGienStudios\tbman in c++\TbMemMan\TbMemMan.cpp(769,33): warning C4244: 'initializing': conversion from 'double' to 'size_t', possible loss of data
G:\Programming\ShadeGienStudios\tbman in c++\TbMemMan\TbMemMan.cpp(785,19): warning C4244: 'initializing': conversion from 'double' to 'size_t', possible loss of data
G:\Programming\ShadeGienStudios\tbman in c++\TbMemMan\TbMemMan.cpp(941,70): warning C4018: '<': signed/unsigned mismatch
G:\Programming\ShadeGienStudios\tbman in c++\TbMemMan\TbMemMan.cpp(970,70): warning C4018: '<': signed/unsigned mismatch
G:\Programming\ShadeGienStudios\tbman in c++\TbMemMan\TbMemMan.cpp(1198,70): warning C4018: '<': signed/unsigned mismatch
  TbTreeIntVD.cpp
  Generating Code...
G:\Programming\ShadeGienStudios\tbman in c++\TbMemMan\TbMemMan.cpp(1414): warning C4717: 'Core::TbMemMan::totalAlloc': recursive on all control paths, function will cause runtime stack overflow
  tinycthread.c
  TbMemMan.vcxproj -> G:\Programming\ShadeGienStudios\tbman in c++\TbMemMan\x64\Debug\TbMemMan.exe
